<?xml version="1.0" encoding="UTF-8"?>
<!-- Generated by org.testng.reporters.JUnitXMLReporter -->
<testsuite hostname="ASUS-Laptop" ignored="0" name="Test" tests="7" failures="0" timestamp="2021-04-19T17:52:57 CET" time="42.154" errors="0">
  <testcase name="alerteconnexion" time="0.408" classname="todolist1.Home"/>
  <testcase name="envoyer" time="0.318" classname="todolist1.Home"/>
  <testcase name="login" time="0.403" classname="todolist1.Home"/>
  <testcase name="boutonajouter" time="0.654" classname="todolist1.Tasks"/>
  <testcase name="taches" time="0.822" classname="todolist1.Tasks"/>
  <testcase name="deconnexion" time="0.146" classname="todolist1.Navbar"/>
  <testcase name="taches" time="0.157" classname="todolist1.Navbar"/>
</testsuite> <!-- Test -->
