<?xml version="1.0" encoding="UTF-8"?>
<!-- Generated by org.testng.reporters.JUnitXMLReporter -->
<testsuite ignored="0" hostname="ASUS-Laptop" failures="0" tests="7" name="Test" time="80.078" errors="0" timestamp="2021-04-20T01:46:17 CET">
  <testcase classname="todolist1.Home" name="alerteconnexion" time="3.067"/>
  <testcase classname="todolist1.Home" name="envoyer" time="1.222"/>
  <testcase classname="todolist1.Home" name="login" time="0.453"/>
  <testcase classname="todolist1.Tasks" name="boutonajouter" time="1.289"/>
  <testcase classname="todolist1.Tasks" name="taches" time="1.183"/>
  <testcase classname="todolist1.Navbar" name="deconnexion" time="0.727"/>
  <testcase classname="todolist1.Navbar" name="taches" time="0.176"/>
</testsuite> <!-- Test -->
