<?xml version="1.0" encoding="UTF-8"?>
<testng-results ignored="0" total="7" passed="7" failed="0" skipped="0">
  <reporter-output>
  </reporter-output>
  <suite started-at="2021-04-20T01:44:57 CET" name="Suite" finished-at="2021-04-20T01:46:17 CET" duration-ms="80078">
    <groups>
    </groups>
    <test started-at="2021-04-20T01:44:57 CET" name="Test" finished-at="2021-04-20T01:46:17 CET" duration-ms="80078">
      <class name="todolist1.Tasks">
        <test-method is-config="true" signature="launch()[pri:0, instance:todolist1.Tasks@77128536]" started-at="2021-04-20T01:45:58 CET" name="launch" finished-at="2021-04-20T01:46:01 CET" duration-ms="3458" status="PASS">
          <reporter-output>
          </reporter-output>
        </test-method> <!-- launch -->
        <test-method signature="boutonajouter()[pri:0, instance:todolist1.Tasks@77128536]" started-at="2021-04-20T01:46:01 CET" name="boutonajouter" finished-at="2021-04-20T01:46:03 CET" duration-ms="1289" status="PASS">
          <reporter-output>
          </reporter-output>
        </test-method> <!-- boutonajouter -->
        <test-method is-config="true" signature="close()[pri:0, instance:todolist1.Tasks@77128536]" started-at="2021-04-20T01:46:03 CET" name="close" finished-at="2021-04-20T01:46:04 CET" duration-ms="1033" status="PASS">
          <reporter-output>
          </reporter-output>
        </test-method> <!-- close -->
        <test-method is-config="true" signature="launch()[pri:0, instance:todolist1.Tasks@77128536]" started-at="2021-04-20T01:46:04 CET" name="launch" finished-at="2021-04-20T01:46:06 CET" duration-ms="2452" status="PASS">
          <reporter-output>
          </reporter-output>
        </test-method> <!-- launch -->
        <test-method signature="taches()[pri:0, instance:todolist1.Tasks@77128536]" started-at="2021-04-20T01:46:06 CET" name="taches" finished-at="2021-04-20T01:46:07 CET" duration-ms="1183" status="PASS">
          <reporter-output>
          </reporter-output>
        </test-method> <!-- taches -->
        <test-method is-config="true" signature="close()[pri:0, instance:todolist1.Tasks@77128536]" started-at="2021-04-20T01:46:07 CET" name="close" finished-at="2021-04-20T01:46:07 CET" duration-ms="69" status="PASS">
          <reporter-output>
          </reporter-output>
        </test-method> <!-- close -->
      </class> <!-- todolist1.Tasks -->
      <class name="todolist1.Navbar">
        <test-method is-config="true" signature="launch()[pri:0, instance:todolist1.Navbar@58326051]" started-at="2021-04-20T01:46:07 CET" name="launch" finished-at="2021-04-20T01:46:11 CET" duration-ms="3405" status="PASS">
          <reporter-output>
          </reporter-output>
        </test-method> <!-- launch -->
        <test-method signature="deconnexion()[pri:0, instance:todolist1.Navbar@58326051]" started-at="2021-04-20T01:46:11 CET" name="deconnexion" finished-at="2021-04-20T01:46:11 CET" duration-ms="727" status="PASS">
          <reporter-output>
          </reporter-output>
        </test-method> <!-- deconnexion -->
        <test-method is-config="true" signature="close()[pri:0, instance:todolist1.Navbar@58326051]" started-at="2021-04-20T01:46:11 CET" name="close" finished-at="2021-04-20T01:46:12 CET" duration-ms="269" status="PASS">
          <reporter-output>
          </reporter-output>
        </test-method> <!-- close -->
        <test-method is-config="true" signature="launch()[pri:0, instance:todolist1.Navbar@58326051]" started-at="2021-04-20T01:46:12 CET" name="launch" finished-at="2021-04-20T01:46:17 CET" duration-ms="5055" status="PASS">
          <reporter-output>
          </reporter-output>
        </test-method> <!-- launch -->
        <test-method signature="taches()[pri:0, instance:todolist1.Navbar@58326051]" started-at="2021-04-20T01:46:17 CET" name="taches" finished-at="2021-04-20T01:46:17 CET" duration-ms="176" status="PASS">
          <reporter-output>
          </reporter-output>
        </test-method> <!-- taches -->
        <test-method is-config="true" signature="close()[pri:0, instance:todolist1.Navbar@58326051]" started-at="2021-04-20T01:46:17 CET" name="close" finished-at="2021-04-20T01:46:17 CET" duration-ms="319" status="PASS">
          <reporter-output>
          </reporter-output>
        </test-method> <!-- close -->
      </class> <!-- todolist1.Navbar -->
      <class name="todolist1.Home">
        <test-method is-config="true" signature="launch()[pri:0, instance:todolist1.Home@3b7d3a38]" started-at="2021-04-20T01:44:57 CET" name="launch" finished-at="2021-04-20T01:45:39 CET" duration-ms="42028" status="PASS">
          <reporter-output>
          </reporter-output>
        </test-method> <!-- launch -->
        <test-method signature="alerteconnexion()[pri:0, instance:todolist1.Home@3b7d3a38]" started-at="2021-04-20T01:45:39 CET" name="alerteconnexion" finished-at="2021-04-20T01:45:42 CET" duration-ms="3067" status="PASS">
          <reporter-output>
          </reporter-output>
        </test-method> <!-- alerteconnexion -->
        <test-method is-config="true" signature="close()[pri:0, instance:todolist1.Home@3b7d3a38]" started-at="2021-04-20T01:45:42 CET" name="close" finished-at="2021-04-20T01:45:43 CET" duration-ms="320" status="PASS">
          <reporter-output>
          </reporter-output>
        </test-method> <!-- close -->
        <test-method is-config="true" signature="launch()[pri:0, instance:todolist1.Home@3b7d3a38]" started-at="2021-04-20T01:45:43 CET" name="launch" finished-at="2021-04-20T01:45:52 CET" duration-ms="9198" status="PASS">
          <reporter-output>
          </reporter-output>
        </test-method> <!-- launch -->
        <test-method signature="envoyer()[pri:0, instance:todolist1.Home@3b7d3a38]" started-at="2021-04-20T01:45:52 CET" name="envoyer" finished-at="2021-04-20T01:45:53 CET" duration-ms="1222" status="PASS">
          <reporter-output>
          </reporter-output>
        </test-method> <!-- envoyer -->
        <test-method is-config="true" signature="close()[pri:0, instance:todolist1.Home@3b7d3a38]" started-at="2021-04-20T01:45:53 CET" name="close" finished-at="2021-04-20T01:45:54 CET" duration-ms="971" status="PASS">
          <reporter-output>
          </reporter-output>
        </test-method> <!-- close -->
        <test-method is-config="true" signature="launch()[pri:0, instance:todolist1.Home@3b7d3a38]" started-at="2021-04-20T01:45:54 CET" name="launch" finished-at="2021-04-20T01:45:57 CET" duration-ms="3230" status="PASS">
          <reporter-output>
          </reporter-output>
        </test-method> <!-- launch -->
        <test-method signature="login()[pri:0, instance:todolist1.Home@3b7d3a38]" started-at="2021-04-20T01:45:57 CET" name="login" finished-at="2021-04-20T01:45:58 CET" duration-ms="453" status="PASS">
          <reporter-output>
          </reporter-output>
        </test-method> <!-- login -->
        <test-method is-config="true" signature="close()[pri:0, instance:todolist1.Home@3b7d3a38]" started-at="2021-04-20T01:45:58 CET" name="close" finished-at="2021-04-20T01:45:58 CET" duration-ms="71" status="PASS">
          <reporter-output>
          </reporter-output>
        </test-method> <!-- close -->
      </class> <!-- todolist1.Home -->
    </test> <!-- Test -->
  </suite> <!-- Suite -->
</testng-results>
