<?xml version="1.0" encoding="UTF-8"?>
<testng-results skipped="0" failed="0" ignored="0" total="2" passed="2">
  <reporter-output>
  </reporter-output>
  <suite name="Default suite" duration-ms="24745" started-at="2021-04-20T01:19:32 CET" finished-at="2021-04-20T01:19:57 CET">
    <groups>
    </groups>
    <test name="Default test" duration-ms="24745" started-at="2021-04-20T01:19:32 CET" finished-at="2021-04-20T01:19:57 CET">
      <class name="todolist1.Tasks">
        <test-method status="PASS" signature="launch()[pri:0, instance:todolist1.Tasks@24313fcc]" name="launch" is-config="true" duration-ms="17867" started-at="2021-04-20T01:19:33 CET" finished-at="2021-04-20T01:19:50 CET">
          <reporter-output>
          </reporter-output>
        </test-method> <!-- launch -->
        <test-method status="PASS" signature="boutonajouter()[pri:0, instance:todolist1.Tasks@24313fcc]" name="boutonajouter" duration-ms="1487" started-at="2021-04-20T01:19:50 CET" finished-at="2021-04-20T01:19:52 CET">
          <reporter-output>
          </reporter-output>
        </test-method> <!-- boutonajouter -->
        <test-method status="PASS" signature="close()[pri:0, instance:todolist1.Tasks@24313fcc]" name="close" is-config="true" duration-ms="168" started-at="2021-04-20T01:19:52 CET" finished-at="2021-04-20T01:19:52 CET">
          <reporter-output>
          </reporter-output>
        </test-method> <!-- close -->
        <test-method status="PASS" signature="launch()[pri:0, instance:todolist1.Tasks@24313fcc]" name="launch" is-config="true" duration-ms="4176" started-at="2021-04-20T01:19:52 CET" finished-at="2021-04-20T01:19:56 CET">
          <reporter-output>
          </reporter-output>
        </test-method> <!-- launch -->
        <test-method status="PASS" signature="taches()[pri:0, instance:todolist1.Tasks@24313fcc]" name="taches" duration-ms="833" started-at="2021-04-20T01:19:56 CET" finished-at="2021-04-20T01:19:57 CET">
          <reporter-output>
          </reporter-output>
        </test-method> <!-- taches -->
        <test-method status="PASS" signature="close()[pri:0, instance:todolist1.Tasks@24313fcc]" name="close" is-config="true" duration-ms="180" started-at="2021-04-20T01:19:57 CET" finished-at="2021-04-20T01:19:57 CET">
          <reporter-output>
          </reporter-output>
        </test-method> <!-- close -->
      </class> <!-- todolist1.Tasks -->
    </test> <!-- Default test -->
  </suite> <!-- Default suite -->
</testng-results>
